0 info it worked if it ends with ok
1 verbose cli [ 'node', '/usr/local/bin/npm', 'version', 'patch' ]
2 info using npm@2.11.3
3 info using node@v0.12.7
4 info preversion ng-make@1.2.3
5 info git [ 'status', '--porcelain' ]
6 verbose version.write data { name: 'ng-make',
6 verbose version.write   version: '1.2.3',
6 verbose version.write   description: 'Easy tools for create project in AngularJS',
6 verbose version.write   main: 'main.js',
6 verbose version.write   dependencies:
6 verbose version.write    { colors: '^1.1.2',
6 verbose version.write      corser: '^2.0.0',
6 verbose version.write      ecstatic: '^1.0.1',
6 verbose version.write      fs: '^0.0.2',
6 verbose version.write      'http-proxy': '^1.11.2',
6 verbose version.write      'http-server': '^0.8.4',
6 verbose version.write      opener: '^1.4.1',
6 verbose version.write      portfinder: '^0.4.0',
6 verbose version.write      shelljs: '^0.5.3',
6 verbose version.write      union: '^0.4.4' },
6 verbose version.write   bin: { 'ng-make': 'main.js' },
6 verbose version.write   devDependencies: {},
6 verbose version.write   scripts: { test: 'main' },
6 verbose version.write   repository: { type: 'git', url: 'https://github.com/angeloasm/ng-make.git' },
6 verbose version.write   keywords:
6 verbose version.write    [ 'AngularJS',
6 verbose version.write      'generator',
6 verbose version.write      'makeProject',
6 verbose version.write      'controllers',
6 verbose version.write      'view',
6 verbose version.write      'template',
6 verbose version.write      'directive',
6 verbose version.write      'ng-make generator' ],
6 verbose version.write   author: 'angelo.carraggi',
6 verbose version.write   license: 'ISC',
6 verbose version.write   bugs: { url: 'https://github.com/angeloasm/ng-make/issues' },
6 verbose version.write   homepage: 'https://github.com/angeloasm/ng-make#readme' } to package.json
7 info git [ 'add', 'package.json' ]
8 info git [ 'commit', '-m', '1.2.3' ]
9 info git [ 'tag', 'v1.2.3', '-am', '1.2.3' ]
10 verbose stack Error: Command failed: git tag v1.2.3 -am 1.2.3
10 verbose stack fatal: tag 'v1.2.3' already exists
10 verbose stack
10 verbose stack     at ChildProcess.exithandler (child_process.js:751:12)
10 verbose stack     at ChildProcess.emit (events.js:110:17)
10 verbose stack     at maybeClose (child_process.js:1015:16)
10 verbose stack     at Socket.<anonymous> (child_process.js:1183:11)
10 verbose stack     at Socket.emit (events.js:107:17)
10 verbose stack     at Pipe.close (net.js:485:12)
11 verbose cwd /Users/angelocarraggi/Documents/git/ng-make
12 error Darwin 14.5.0
13 error argv "node" "/usr/local/bin/npm" "version" "patch"
14 error node v0.12.7
15 error npm  v2.11.3
16 error code 128
17 error Command failed: git tag v1.2.3 -am 1.2.3
17 error fatal: tag 'v1.2.3' already exists
18 error If you need help, you may report this error at:
18 error     <https://github.com/npm/npm/issues>
19 verbose exit [ 1, true ]
